[2022-07-24 15:12:32] production.ERROR: There is no services entry for google {"exception":"[object] (SocialiteProviders\\Manager\\Exception\\MissingConfigException(code: 0): There is no services entry for google at /www/wwwroot/mc.peckot.com/plugins/oauth-microsoft-live/vendor/socialiteproviders/manager/src/Helpers/ConfigRetriever.php:129)
[stacktrace]
#0 /www/wwwroot/mc.peckot.com/plugins/oauth-microsoft-live/vendor/socialiteproviders/manager/src/Helpers/ConfigRetriever.php(43): SocialiteProviders\\Manager\\Helpers\\ConfigRetriever->getConfigFromServicesArray()
#1 /www/wwwroot/mc.peckot.com/plugins/oauth-microsoft-live/vendor/socialiteproviders/manager/src/SocialiteWasCalled.php(156): SocialiteProviders\\Manager\\Helpers\\ConfigRetriever->fromServices()
#2 /www/wwwroot/mc.peckot.com/plugins/oauth-microsoft-live/vendor/socialiteproviders/manager/src/SocialiteWasCalled.php(136): SocialiteProviders\\Manager\\SocialiteWasCalled->getConfig()
#3 /www/wwwroot/mc.peckot.com/plugins/oauth-microsoft-live/vendor/socialiteproviders/manager/src/SocialiteWasCalled.php(89): SocialiteProviders\\Manager\\SocialiteWasCalled->buildOAuth2Provider()
#4 /www/wwwroot/mc.peckot.com/plugins/oauth-microsoft-live/vendor/socialiteproviders/manager/src/SocialiteWasCalled.php(63): SocialiteProviders\\Manager\\SocialiteWasCalled->buildProvider()
#5 /www/wwwroot/mc.peckot.com/plugins/oauth-microsoft-live/vendor/illuminate/support/Manager.php(120): SocialiteProviders\\Manager\\SocialiteWasCalled->SocialiteProviders\\Manager\\{closure}()
#6 /www/wwwroot/mc.peckot.com/plugins/oauth-microsoft-live/vendor/illuminate/support/Manager.php(100): Illuminate\\Support\\Manager->callCustomCreator()
#7 /www/wwwroot/mc.peckot.com/plugins/oauth-microsoft-live/vendor/illuminate/support/Manager.php(80): Illuminate\\Support\\Manager->createDriver()
#8 /www/wwwroot/mc.peckot.com/vendor/laravel/framework/src/Illuminate/Support/Facades/Facade.php(261): Illuminate\\Support\\Manager->driver()
#9 /www/wwwroot/mc.peckot.com/plugins/oauth/src/AuthController.php(18): Illuminate\\Support\\Facades\\Facade::__callStatic()
#10 /www/wwwroot/mc.peckot.com/vendor/laravel/framework/src/Illuminate/Routing/Controller.php(54): Blessing\\OAuthCore\\AuthController->login()
#11 /www/wwwroot/mc.peckot.com/vendor/laravel/framework/src/Illuminate/Routing/ControllerDispatcher.php(45): Illuminate\\Routing\\Controller->callAction()
#12 /www/wwwroot/mc.peckot.com/vendor/laravel/framework/src/Illuminate/Routing/Route.php(262): Illuminate\\Routing\\ControllerDispatcher->dispatch()
#13 /www/wwwroot/mc.peckot.com/vendor/laravel/framework/src/Illuminate/Routing/Route.php(205): Illuminate\\Routing\\Route->runController()
#14 /www/wwwroot/mc.peckot.com/vendor/laravel/framework/src/Illuminate/Routing/Router.php(695): Illuminate\\Routing\\Route->run()
#15 /www/wwwroot/mc.peckot.com/vendor/laravel/framework/src/Illuminate/Pipeline/Pipeline.php(128): Illuminate\\Routing\\Router->Illuminate\\Routing\\{closure}()
#16 /www/wwwroot/mc.peckot.com/app/Http/Middleware/RedirectIfAuthenticated.php(11): Illuminate\\Pipeline\\Pipeline->Illuminate\\Pipeline\\{closure}()
#17 /www/wwwroot/mc.peckot.com/vendor/laravel/framework/src/Illuminate/Pipeline/Pipeline.php(167): App\\Http\\Middleware\\RedirectIfAuthenticated->handle()
#18 /www/wwwroot/mc.peckot.com/vendor/laravel/framework/src/Illuminate/Routing/Middleware/SubstituteBindings.php(50): Illuminate\\Pipeline\\Pipeline->Illuminate\\Pipeline\\{closure}()
#19 /www/wwwroot/mc.peckot.com/vendor/laravel/framework/src/Illuminate/Pipeline/Pipeline.php(167): Illuminate\\Routing\\Middleware\\SubstituteBindings->handle()
#20 /www/wwwroot/mc.peckot.com/app/Http/Middleware/RedirectToSetup.php(28): Illuminate\\Pipeline\\Pipeline->Illuminate\\Pipeline\\{closure}()
#21 /www/wwwroot/mc.peckot.com/vendor/laravel/framework/src/Illuminate/Pipeline/Pipeline.php(167): App\\Http\\Middleware\\RedirectToSetup->handle()
#22 /www/wwwroot/mc.peckot.com/app/Http/Middleware/EnforceEverGreen.php(23): Illuminate\\Pipeline\\Pipeline->Illuminate\\Pipeline\\{closure}()
#23 /www/wwwroot/mc.peckot.com/vendor/laravel/framework/src/Illuminate/Pipeline/Pipeline.php(167): App\\Http\\Middleware\\EnforceEverGreen->handle()
#24 /www/wwwroot/mc.peckot.com/vendor/laravel/framework/src/Illuminate/Foundation/Http/Middleware/VerifyCsrfToken.php(78): Illuminate\\Pipeline\\Pipeline->Illuminate\\Pipeline\\{closure}()
#25 /www/wwwroot/mc.peckot.com/vendor/laravel/framework/src/Illuminate/Pipeline/Pipeline.php(167): Illuminate\\Foundation\\Http\\Middleware\\VerifyCsrfToken->handle()
#26 /www/wwwroot/mc.peckot.com/vendor/laravel/framework/src/Illuminate/View/Middleware/ShareErrorsFromSession.php(49): Illuminate\\Pipeline\\Pipeline->Illuminate\\Pipeline\\{closure}()
#27 /www/wwwroot/mc.peckot.com/vendor/laravel/framework/src/Illuminate/Pipeline/Pipeline.php(167): Illuminate\\View\\Middleware\\ShareErrorsFromSession->handle()
#28 /www/wwwroot/mc.peckot.com/plugins/oauth-microsoft-live/vendor/illuminate/session/Middleware/StartSession.php(121): Illuminate\\Pipeline\\Pipeline->Illuminate\\Pipeline\\{closure}()
#29 /www/wwwroot/mc.peckot.com/plugins/oauth-microsoft-live/vendor/illuminate/session/Middleware/StartSession.php(64): Illuminate\\Session\\Middleware\\StartSession->handleStatefulRequest()
#30 /www/wwwroot/mc.peckot.com/vendor/laravel/framework/src/Illuminate/Pipeline/Pipeline.php(167): Illuminate\\Session\\Middleware\\StartSession->handle()
#31 /www/wwwroot/mc.peckot.com/vendor/laravel/framework/src/Illuminate/Cookie/Middleware/AddQueuedCookiesToResponse.php(37): Illuminate\\Pipeline\\Pipeline->Illuminate\\Pipeline\\{closure}()
#32 /www/wwwroot/mc.peckot.com/vendor/laravel/framework/src/Illuminate/Pipeline/Pipeline.php(167): Illuminate\\Cookie\\Middleware\\AddQueuedCookiesToResponse->handle()
#33 /www/wwwroot/mc.peckot.com/vendor/laravel/framework/src/Illuminate/Cookie/Middleware/EncryptCookies.php(67): Illuminate\\Pipeline\\Pipeline->Illuminate\\Pipeline\\{closure}()
#34 /www/wwwroot/mc.peckot.com/vendor/laravel/framework/src/Illuminate/Pipeline/Pipeline.php(167): Illuminate\\Cookie\\Middleware\\EncryptCookies->handle()
#35 /www/wwwroot/mc.peckot.com/vendor/laravel/framework/src/Illuminate/Pipeline/Pipeline.php(103): Illuminate\\Pipeline\\Pipeline->Illuminate\\Pipeline\\{closure}()
#36 /www/wwwroot/mc.peckot.com/vendor/laravel/framework/src/Illuminate/Routing/Router.php(697): Illuminate\\Pipeline\\Pipeline->then()
#37 /www/wwwroot/mc.peckot.com/vendor/laravel/framework/src/Illuminate/Routing/Router.php(672): Illuminate\\Routing\\Router->runRouteWithinStack()
#38 /www/wwwroot/mc.peckot.com/vendor/laravel/framework/src/Illuminate/Routing/Router.php(636): Illuminate\\Routing\\Router->runRoute()
#39 /www/wwwroot/mc.peckot.com/vendor/laravel/framework/src/Illuminate/Routing/Router.php(625): Illuminate\\Routing\\Router->dispatchToRoute()
#40 /www/wwwroot/mc.peckot.com/vendor/laravel/framework/src/Illuminate/Foundation/Http/Kernel.php(167): Illuminate\\Routing\\Router->dispatch()
#41 /www/wwwroot/mc.peckot.com/vendor/laravel/framework/src/Illuminate/Pipeline/Pipeline.php(128): Illuminate\\Foundation\\Http\\Kernel->Illuminate\\Foundation\\Http\\{closure}()
#42 /www/wwwroot/mc.peckot.com/plugins/yggdrasil-api/src/Middleware/AddApiIndicationHeader.php(12): Illuminate\\Pipeline\\Pipeline->Illuminate\\Pipeline\\{closure}()
#43 /www/wwwroot/mc.peckot.com/vendor/laravel/framework/src/Illuminate/Pipeline/Pipeline.php(167): Yggdrasil\\Middleware\\AddApiIndicationHeader->handle()
#44 /www/wwwroot/mc.peckot.com/app/Http/Middleware/DetectLanguagePrefer.php(30): Illuminate\\Pipeline\\Pipeline->Illuminate\\Pipeline\\{closure}()
#45 /www/wwwroot/mc.peckot.com/vendor/laravel/framework/src/Illuminate/Pipeline/Pipeline.php(167): App\\Http\\Middleware\\DetectLanguagePrefer->handle()
#46 /www/wwwroot/mc.peckot.com/vendor/laravel/framework/src/Illuminate/Foundation/Http/Middleware/TransformsRequest.php(21): Illuminate\\Pipeline\\Pipeline->Illuminate\\Pipeline\\{closure}()
#47 /www/wwwroot/mc.peckot.com/vendor/laravel/framework/src/Illuminate/Foundation/Http/Middleware/ConvertEmptyStringsToNull.php(31): Illuminate\\Foundation\\Http\\Middleware\\TransformsRequest->handle()
#48 /www/wwwroot/mc.peckot.com/app/Http/Middleware/ConvertEmptyStringsToNull.php(23): Illuminate\\Foundation\\Http\\Middleware\\ConvertEmptyStringsToNull->handle()
#49 /www/wwwroot/mc.peckot.com/vendor/laravel/framework/src/Illuminate/Pipeline/Pipeline.php(167): App\\Http\\Middleware\\ConvertEmptyStringsToNull->handle()
#50 /www/wwwroot/mc.peckot.com/vendor/laravel/framework/src/Illuminate/Foundation/Http/Middleware/TransformsRequest.php(21): Illuminate\\Pipeline\\Pipeline->Illuminate\\Pipeline\\{closure}()
#51 /www/wwwroot/mc.peckot.com/vendor/laravel/framework/src/Illuminate/Foundation/Http/Middleware/TrimStrings.php(40): Illuminate\\Foundation\\Http\\Middleware\\TransformsRequest->handle()
#52 /www/wwwroot/mc.peckot.com/vendor/laravel/framework/src/Illuminate/Pipeline/Pipeline.php(167): Illuminate\\Foundation\\Http\\Middleware\\TrimStrings->handle()
#53 /www/wwwroot/mc.peckot.com/vendor/laravel/framework/src/Illuminate/Foundation/Http/Middleware/PreventRequestsDuringMaintenance.php(86): Illuminate\\Pipeline\\Pipeline->Illuminate\\Pipeline\\{closure}()
#54 /www/wwwroot/mc.peckot.com/vendor/laravel/framework/src/Illuminate/Pipeline/Pipeline.php(167): Illuminate\\Foundation\\Http\\Middleware\\PreventRequestsDuringMaintenance->handle()
#55 /www/wwwroot/mc.peckot.com/vendor/laravel/framework/src/Illuminate/Pipeline/Pipeline.php(103): Illuminate\\Pipeline\\Pipeline->Illuminate\\Pipeline\\{closure}()
#56 /www/wwwroot/mc.peckot.com/vendor/laravel/framework/src/Illuminate/Foundation/Http/Kernel.php(142): Illuminate\\Pipeline\\Pipeline->then()
#57 /www/wwwroot/mc.peckot.com/vendor/laravel/framework/src/Illuminate/Foundation/Http/Kernel.php(111): Illuminate\\Foundation\\Http\\Kernel->sendRequestThroughRouter()
#58 /www/wwwroot/mc.peckot.com/public/index.php(61): Illuminate\\Foundation\\Http\\Kernel->handle()
#59 {main}
"} 
