[2022-08-31 00:16:34] production.ERROR: Allowed memory size of 134217728 bytes exhausted (tried to allocate 17702881 bytes) {"exception":"[object] (Symfony\\Component\\ErrorHandler\\Error\\FatalError(code: 0): Allowed memory size of 134217728 bytes exhausted (tried to allocate 17702881 bytes) at /www/wwwroot/mc.peckot.com/vendor/blessing/texture-renderer/src/Blessing/Renderer/ImageUtil.php:21)
[stacktrace]
#0 {main}
"} 
[2022-08-31 18:49:22] production.ERROR: Trying to access array offset on value of type null {"exception":"[object] (ErrorException(code: 0): Trying to access array offset on value of type null at /www/wwwroot/mc.peckot.com/plugins/oauth-microsoft-live/vendor/laravel/socialite/src/SocialiteManager.php:125)
[stacktrace]
#0 /www/wwwroot/mc.peckot.com/plugins/oauth-microsoft-live/vendor/laravel/socialite/src/SocialiteManager.php(125): Illuminate\\Foundation\\Bootstrap\\HandleExceptions->handleError()
#1 /www/wwwroot/mc.peckot.com/plugins/oauth-microsoft-live/vendor/laravel/socialite/src/SocialiteManager.php(69): Laravel\\Socialite\\SocialiteManager->buildProvider()
#2 /www/wwwroot/mc.peckot.com/plugins/oauth-microsoft-live/vendor/illuminate/support/Manager.php(105): Laravel\\Socialite\\SocialiteManager->createGoogleDriver()
#3 /www/wwwroot/mc.peckot.com/plugins/oauth-microsoft-live/vendor/illuminate/support/Manager.php(80): Illuminate\\Support\\Manager->createDriver()
#4 /www/wwwroot/mc.peckot.com/vendor/laravel/framework/src/Illuminate/Support/Facades/Facade.php(261): Illuminate\\Support\\Manager->driver()
#5 /www/wwwroot/mc.peckot.com/plugins/oauth/src/AuthController.php(18): Illuminate\\Support\\Facades\\Facade::__callStatic()
#6 /www/wwwroot/mc.peckot.com/vendor/laravel/framework/src/Illuminate/Routing/Controller.php(54): Blessing\\OAuthCore\\AuthController->login()
#7 /www/wwwroot/mc.peckot.com/vendor/laravel/framework/src/Illuminate/Routing/ControllerDispatcher.php(45): Illuminate\\Routing\\Controller->callAction()
#8 /www/wwwroot/mc.peckot.com/vendor/laravel/framework/src/Illuminate/Routing/Route.php(262): Illuminate\\Routing\\ControllerDispatcher->dispatch()
#9 /www/wwwroot/mc.peckot.com/vendor/laravel/framework/src/Illuminate/Routing/Route.php(205): Illuminate\\Routing\\Route->runController()
#10 /www/wwwroot/mc.peckot.com/vendor/laravel/framework/src/Illuminate/Routing/Router.php(695): Illuminate\\Routing\\Route->run()
#11 /www/wwwroot/mc.peckot.com/vendor/laravel/framework/src/Illuminate/Pipeline/Pipeline.php(128): Illuminate\\Routing\\Router->Illuminate\\Routing\\{closure}()
#12 /www/wwwroot/mc.peckot.com/app/Http/Middleware/RedirectIfAuthenticated.php(11): Illuminate\\Pipeline\\Pipeline->Illuminate\\Pipeline\\{closure}()
#13 /www/wwwroot/mc.peckot.com/vendor/laravel/framework/src/Illuminate/Pipeline/Pipeline.php(167): App\\Http\\Middleware\\RedirectIfAuthenticated->handle()
#14 /www/wwwroot/mc.peckot.com/vendor/laravel/framework/src/Illuminate/Routing/Middleware/SubstituteBindings.php(50): Illuminate\\Pipeline\\Pipeline->Illuminate\\Pipeline\\{closure}()
#15 /www/wwwroot/mc.peckot.com/vendor/laravel/framework/src/Illuminate/Pipeline/Pipeline.php(167): Illuminate\\Routing\\Middleware\\SubstituteBindings->handle()
#16 /www/wwwroot/mc.peckot.com/app/Http/Middleware/RedirectToSetup.php(28): Illuminate\\Pipeline\\Pipeline->Illuminate\\Pipeline\\{closure}()
#17 /www/wwwroot/mc.peckot.com/vendor/laravel/framework/src/Illuminate/Pipeline/Pipeline.php(167): App\\Http\\Middleware\\RedirectToSetup->handle()
#18 /www/wwwroot/mc.peckot.com/app/Http/Middleware/EnforceEverGreen.php(23): Illuminate\\Pipeline\\Pipeline->Illuminate\\Pipeline\\{closure}()
#19 /www/wwwroot/mc.peckot.com/vendor/laravel/framework/src/Illuminate/Pipeline/Pipeline.php(167): App\\Http\\Middleware\\EnforceEverGreen->handle()
#20 /www/wwwroot/mc.peckot.com/vendor/laravel/framework/src/Illuminate/Foundation/Http/Middleware/VerifyCsrfToken.php(78): Illuminate\\Pipeline\\Pipeline->Illuminate\\Pipeline\\{closure}()
#21 /www/wwwroot/mc.peckot.com/vendor/laravel/framework/src/Illuminate/Pipeline/Pipeline.php(167): Illuminate\\Foundation\\Http\\Middleware\\VerifyCsrfToken->handle()
#22 /www/wwwroot/mc.peckot.com/vendor/laravel/framework/src/Illuminate/View/Middleware/ShareErrorsFromSession.php(49): Illuminate\\Pipeline\\Pipeline->Illuminate\\Pipeline\\{closure}()
#23 /www/wwwroot/mc.peckot.com/vendor/laravel/framework/src/Illuminate/Pipeline/Pipeline.php(167): Illuminate\\View\\Middleware\\ShareErrorsFromSession->handle()
#24 /www/wwwroot/mc.peckot.com/plugins/oauth-microsoft-live/vendor/illuminate/session/Middleware/StartSession.php(121): Illuminate\\Pipeline\\Pipeline->Illuminate\\Pipeline\\{closure}()
#25 /www/wwwroot/mc.peckot.com/plugins/oauth-microsoft-live/vendor/illuminate/session/Middleware/StartSession.php(64): Illuminate\\Session\\Middleware\\StartSession->handleStatefulRequest()
#26 /www/wwwroot/mc.peckot.com/vendor/laravel/framework/src/Illuminate/Pipeline/Pipeline.php(167): Illuminate\\Session\\Middleware\\StartSession->handle()
#27 /www/wwwroot/mc.peckot.com/vendor/laravel/framework/src/Illuminate/Cookie/Middleware/AddQueuedCookiesToResponse.php(37): Illuminate\\Pipeline\\Pipeline->Illuminate\\Pipeline\\{closure}()
#28 /www/wwwroot/mc.peckot.com/vendor/laravel/framework/src/Illuminate/Pipeline/Pipeline.php(167): Illuminate\\Cookie\\Middleware\\AddQueuedCookiesToResponse->handle()
#29 /www/wwwroot/mc.peckot.com/vendor/laravel/framework/src/Illuminate/Cookie/Middleware/EncryptCookies.php(67): Illuminate\\Pipeline\\Pipeline->Illuminate\\Pipeline\\{closure}()
#30 /www/wwwroot/mc.peckot.com/vendor/laravel/framework/src/Illuminate/Pipeline/Pipeline.php(167): Illuminate\\Cookie\\Middleware\\EncryptCookies->handle()
#31 /www/wwwroot/mc.peckot.com/vendor/laravel/framework/src/Illuminate/Pipeline/Pipeline.php(103): Illuminate\\Pipeline\\Pipeline->Illuminate\\Pipeline\\{closure}()
#32 /www/wwwroot/mc.peckot.com/vendor/laravel/framework/src/Illuminate/Routing/Router.php(697): Illuminate\\Pipeline\\Pipeline->then()
#33 /www/wwwroot/mc.peckot.com/vendor/laravel/framework/src/Illuminate/Routing/Router.php(672): Illuminate\\Routing\\Router->runRouteWithinStack()
#34 /www/wwwroot/mc.peckot.com/vendor/laravel/framework/src/Illuminate/Routing/Router.php(636): Illuminate\\Routing\\Router->runRoute()
#35 /www/wwwroot/mc.peckot.com/vendor/laravel/framework/src/Illuminate/Routing/Router.php(625): Illuminate\\Routing\\Router->dispatchToRoute()
#36 /www/wwwroot/mc.peckot.com/vendor/laravel/framework/src/Illuminate/Foundation/Http/Kernel.php(167): Illuminate\\Routing\\Router->dispatch()
#37 /www/wwwroot/mc.peckot.com/vendor/laravel/framework/src/Illuminate/Pipeline/Pipeline.php(128): Illuminate\\Foundation\\Http\\Kernel->Illuminate\\Foundation\\Http\\{closure}()
#38 /www/wwwroot/mc.peckot.com/plugins/yggdrasil-api/src/Middleware/AddApiIndicationHeader.php(12): Illuminate\\Pipeline\\Pipeline->Illuminate\\Pipeline\\{closure}()
#39 /www/wwwroot/mc.peckot.com/vendor/laravel/framework/src/Illuminate/Pipeline/Pipeline.php(167): Yggdrasil\\Middleware\\AddApiIndicationHeader->handle()
#40 /www/wwwroot/mc.peckot.com/app/Http/Middleware/DetectLanguagePrefer.php(30): Illuminate\\Pipeline\\Pipeline->Illuminate\\Pipeline\\{closure}()
#41 /www/wwwroot/mc.peckot.com/vendor/laravel/framework/src/Illuminate/Pipeline/Pipeline.php(167): App\\Http\\Middleware\\DetectLanguagePrefer->handle()
#42 /www/wwwroot/mc.peckot.com/vendor/laravel/framework/src/Illuminate/Foundation/Http/Middleware/TransformsRequest.php(21): Illuminate\\Pipeline\\Pipeline->Illuminate\\Pipeline\\{closure}()
#43 /www/wwwroot/mc.peckot.com/vendor/laravel/framework/src/Illuminate/Foundation/Http/Middleware/ConvertEmptyStringsToNull.php(31): Illuminate\\Foundation\\Http\\Middleware\\TransformsRequest->handle()
#44 /www/wwwroot/mc.peckot.com/app/Http/Middleware/ConvertEmptyStringsToNull.php(23): Illuminate\\Foundation\\Http\\Middleware\\ConvertEmptyStringsToNull->handle()
#45 /www/wwwroot/mc.peckot.com/vendor/laravel/framework/src/Illuminate/Pipeline/Pipeline.php(167): App\\Http\\Middleware\\ConvertEmptyStringsToNull->handle()
#46 /www/wwwroot/mc.peckot.com/vendor/laravel/framework/src/Illuminate/Foundation/Http/Middleware/TransformsRequest.php(21): Illuminate\\Pipeline\\Pipeline->Illuminate\\Pipeline\\{closure}()
#47 /www/wwwroot/mc.peckot.com/vendor/laravel/framework/src/Illuminate/Foundation/Http/Middleware/TrimStrings.php(40): Illuminate\\Foundation\\Http\\Middleware\\TransformsRequest->handle()
#48 /www/wwwroot/mc.peckot.com/vendor/laravel/framework/src/Illuminate/Pipeline/Pipeline.php(167): Illuminate\\Foundation\\Http\\Middleware\\TrimStrings->handle()
#49 /www/wwwroot/mc.peckot.com/vendor/laravel/framework/src/Illuminate/Foundation/Http/Middleware/PreventRequestsDuringMaintenance.php(86): Illuminate\\Pipeline\\Pipeline->Illuminate\\Pipeline\\{closure}()
#50 /www/wwwroot/mc.peckot.com/vendor/laravel/framework/src/Illuminate/Pipeline/Pipeline.php(167): Illuminate\\Foundation\\Http\\Middleware\\PreventRequestsDuringMaintenance->handle()
#51 /www/wwwroot/mc.peckot.com/vendor/laravel/framework/src/Illuminate/Pipeline/Pipeline.php(103): Illuminate\\Pipeline\\Pipeline->Illuminate\\Pipeline\\{closure}()
#52 /www/wwwroot/mc.peckot.com/vendor/laravel/framework/src/Illuminate/Foundation/Http/Kernel.php(142): Illuminate\\Pipeline\\Pipeline->then()
#53 /www/wwwroot/mc.peckot.com/vendor/laravel/framework/src/Illuminate/Foundation/Http/Kernel.php(111): Illuminate\\Foundation\\Http\\Kernel->sendRequestThroughRouter()
#54 /www/wwwroot/mc.peckot.com/public/index.php(79): Illuminate\\Foundation\\Http\\Kernel->handle()
#55 {main}
"} 
