[2022-06-25 21:49:22] production.INFO: User [pectics@outlook.com] is try to start verification  
[2022-07-04 16:42:57] production.INFO: User [acdeasdff@qq.com] is try to start verification  
[2022-07-12 08:06:51] production.INFO: User [2053911747@qq.com] is try to start verification  
[2022-07-17 10:41:01] production.INFO: User [2829136569@qq.com] is try to start verification  
[2022-07-17 10:41:12] production.INFO: User [2829136569@qq.com] is try to start verification  
[2022-07-22 02:10:18] production.INFO: User [2829136569@qq.com] is try to start verification  
[2022-07-24 15:15:00] production.INFO: User [yangzimo666@yeah.net] is try to start verification  
[2022-07-24 15:15:07] production.INFO: User [yangzimo666@yeah.net] is try to start verification  
[2022-07-24 15:22:39] production.INFO: User [yangzimo666@yeah.net] is try to start verification  
[2022-07-24 15:25:25] production.INFO: User [yangzimo666@yeah.net] is try to start verification  
[2022-07-24 15:44:07] production.INFO: User [yangzimo666@yeah.net] is try to start verification  
[2022-07-24 15:44:07] production.INFO: User [yangzimo666@yeah.net] is try to start verification  
[2022-07-29 17:50:57] production.INFO: User [3389710964@qq.com] is try to start verification  
[2022-07-29 17:51:17] production.INFO: User [3389710964@qq.com] is try to start verification  
[2022-07-30 12:40:16] production.INFO: User [3389710964@qq.com] is try to start verification  
[2022-07-30 14:54:54] production.INFO: User [3369997483@qq.com] is try to start verification  
[2022-07-30 14:55:00] production.INFO: User [3369997483@qq.com] is try to start verification  
[2022-08-08 13:03:37] production.INFO: User [1774768202@qq.com] is try to start verification  
[2022-08-08 19:16:55] production.INFO: User [zyj2339629445@outlook.com] is try to start verification  
[2022-08-08 19:17:34] production.INFO: User [zyj2339629445@outlook.com] is try to start verification  
[2022-08-11 16:07:01] production.INFO: User [793628856@qq.com] is try to start verification  
[2022-08-14 20:58:42] production.INFO: User [513552568@qq.com] is try to start verification  
[2022-08-17 06:57:41] production.INFO: User [513552568@qq.com] is try to start verification  
[2022-08-18 10:01:38] production.INFO: User [3389710964@qq.com] is try to start verification  
[2022-08-26 05:37:16] production.INFO: User [pectics@outlook.com] is try to start verification  
[2022-08-31 18:44:14] production.INFO: User [qq@qq.com] is try to start verification  
